<?xml version="1.0" encoding="UTF-8"?>
<!-- Generated by org.testng.reporters.JUnitXMLReporter -->
<testsuite hostname="DESKTOP-DADNQD3" ignored="0" name="Command line test" tests="2" failures="1" timestamp="12 Jan 2019 19:53:04 GMT" time="33.954" errors="0">
  <testcase name="checkLinks" time="12.734" classname="com.qa.gbpp.testcases.Test1">
    <failure type="java.lang.ClassCastException" message="sun.net.www.protocol.mailto.MailToURLConnection cannot be cast to java.net.HttpURLConnection">
      <![CDATA[java.lang.ClassCastException: sun.net.www.protocol.mailto.MailToURLConnection cannot be cast to java.net.HttpURLConnection
at com.qa.gbpp.pages.CheckLinks.VerifyLinks(CheckLinks.java:23)
at com.qa.gbpp.testcases.Test1.checkLinks(Test1.java:48)
... Removed 35 stack frames]]>
    </failure>
  </testcase> <!-- checkLinks -->
  <testcase name="switchTabs" time="8.566" classname="com.qa.gbpp.testcases.Test1"/>
</testsuite> <!-- Command line test -->
