<?xml version="1.0" encoding="UTF-8"?>
<testng-results skipped="0" failed="1" ignored="0" total="2" passed="1">
  <reporter-output>
  </reporter-output>
  <suite name="Command line suite" duration-ms="33954" started-at="2019-01-12T19:52:30Z" finished-at="2019-01-12T19:53:04Z">
    <groups>
    </groups>
    <test name="Command line test" duration-ms="33954" started-at="2019-01-12T19:52:30Z" finished-at="2019-01-12T19:53:04Z">
      <class name="com.qa.gbpp.testcases.Test1">
        <test-method status="PASS" signature="setUp()[pri:0, instance:com.qa.gbpp.testcases.Test1@62043840]" name="setUp" is-config="true" duration-ms="11848" started-at="2019-01-12T19:52:30Z" finished-at="2019-01-12T19:52:42Z">
          <reporter-output>
          </reporter-output>
        </test-method> <!-- setUp -->
        <test-method status="FAIL" signature="checkLinks()[pri:1, instance:com.qa.gbpp.testcases.Test1@62043840]" name="checkLinks" duration-ms="12734" started-at="2019-01-12T19:52:42Z" finished-at="2019-01-12T19:52:54Z">
          <exception class="java.lang.ClassCastException">
            <message>
              <![CDATA[sun.net.www.protocol.mailto.MailToURLConnection cannot be cast to java.net.HttpURLConnection]]>
            </message>
            <full-stacktrace>
              <![CDATA[java.lang.ClassCastException: sun.net.www.protocol.mailto.MailToURLConnection cannot be cast to java.net.HttpURLConnection
at com.qa.gbpp.pages.CheckLinks.VerifyLinks(CheckLinks.java:23)
at com.qa.gbpp.testcases.Test1.checkLinks(Test1.java:48)
at sun.reflect.NativeMethodAccessorImpl.invoke0(Native Method)
at sun.reflect.NativeMethodAccessorImpl.invoke(NativeMethodAccessorImpl.java:62)
at sun.reflect.DelegatingMethodAccessorImpl.invoke(DelegatingMethodAccessorImpl.java:43)
at java.lang.reflect.Method.invoke(Method.java:498)
at org.testng.internal.MethodInvocationHelper.invokeMethod(MethodInvocationHelper.java:124)
at org.testng.internal.Invoker.invokeMethod(Invoker.java:583)
at org.testng.internal.Invoker.invokeTestMethod(Invoker.java:719)
at org.testng.internal.Invoker.invokeTestMethods(Invoker.java:989)
at org.testng.internal.TestMethodWorker.invokeTestMethods(TestMethodWorker.java:125)
at org.testng.internal.TestMethodWorker.run(TestMethodWorker.java:109)
at org.testng.TestRunner.privateRun(TestRunner.java:648)
at org.testng.TestRunner.run(TestRunner.java:505)
at org.testng.SuiteRunner.runTest(SuiteRunner.java:455)
at org.testng.SuiteRunner.runSequentially(SuiteRunner.java:450)
at org.testng.SuiteRunner.privateRun(SuiteRunner.java:415)
at org.testng.SuiteRunner.run(SuiteRunner.java:364)
at org.testng.SuiteRunnerWorker.runSuite(SuiteRunnerWorker.java:52)
at org.testng.SuiteRunnerWorker.run(SuiteRunnerWorker.java:84)
at org.testng.TestNG.runSuitesSequentially(TestNG.java:1208)
at org.testng.TestNG.runSuitesLocally(TestNG.java:1137)
at org.testng.TestNG.runSuites(TestNG.java:1049)
at org.testng.TestNG.run(TestNG.java:1017)
at org.apache.maven.surefire.testng.TestNGExecutor.run(TestNGExecutor.java:77)
at org.apache.maven.surefire.testng.TestNGDirectoryTestSuite.executeMulti(TestNGDirectoryTestSuite.java:159)
at org.apache.maven.surefire.testng.TestNGDirectoryTestSuite.execute(TestNGDirectoryTestSuite.java:99)
at org.apache.maven.surefire.testng.TestNGProvider.invoke(TestNGProvider.java:106)
at sun.reflect.NativeMethodAccessorImpl.invoke0(Native Method)
at sun.reflect.NativeMethodAccessorImpl.invoke(NativeMethodAccessorImpl.java:62)
at sun.reflect.DelegatingMethodAccessorImpl.invoke(DelegatingMethodAccessorImpl.java:43)
at java.lang.reflect.Method.invoke(Method.java:498)
at org.apache.maven.surefire.util.ReflectionUtils.invokeMethodWithArray(ReflectionUtils.java:189)
at org.apache.maven.surefire.booter.ProviderFactory$ProviderProxy.invoke(ProviderFactory.java:165)
at org.apache.maven.surefire.booter.ProviderFactory.invokeProvider(ProviderFactory.java:85)
at org.apache.maven.surefire.booter.ForkedBooter.runSuitesInProcess(ForkedBooter.java:115)
at org.apache.maven.surefire.booter.ForkedBooter.main(ForkedBooter.java:75)
]]>
            </full-stacktrace>
          </exception> <!-- java.lang.ClassCastException -->
          <reporter-output>
          </reporter-output>
        </test-method> <!-- checkLinks -->
        <test-method status="PASS" signature="switchTabs()[pri:2, instance:com.qa.gbpp.testcases.Test1@62043840]" name="switchTabs" duration-ms="8566" started-at="2019-01-12T19:52:54Z" finished-at="2019-01-12T19:53:03Z">
          <reporter-output>
          </reporter-output>
        </test-method> <!-- switchTabs -->
        <test-method status="PASS" signature="tearDown()[pri:0, instance:com.qa.gbpp.testcases.Test1@62043840]" name="tearDown" is-config="true" duration-ms="777" started-at="2019-01-12T19:53:03Z" finished-at="2019-01-12T19:53:04Z">
          <reporter-output>
          </reporter-output>
        </test-method> <!-- tearDown -->
      </class> <!-- com.qa.gbpp.testcases.Test1 -->
    </test> <!-- Command line test -->
  </suite> <!-- Command line suite -->
</testng-results>
